[00:31:38] [ServerMain/INFO]: Building unoptimized datafixer
[00:31:40] [ServerMain/INFO]: Environment: authHost='https://authserver.mojang.com', accountsHost='https://api.mojang.com', sessionHost='https://sessionserver.mojang.com', servicesHost='https://api.minecraftservices.com', name='PROD'
[00:31:43] [ServerMain/INFO]: Loaded 7 recipes
[00:31:45] [Server thread/INFO]: Starting minecraft server version 1.19.2
[00:31:45] [Server thread/INFO]: Loading properties
[00:31:45] [Server thread/INFO]: This server is running Paper version git-Paper-138 (MC: 1.19.2) (Implementing API version 1.19.2-R0.1-SNAPSHOT) (Git: 09904fd)
[00:31:46] [Server thread/INFO]: Using 4 threads for Netty based IO
[00:31:46] [Server thread/INFO]: Server Ping Player Sample Count: 12
[00:31:46] [Server thread/INFO]: Default game type: SURVIVAL
[00:31:46] [Server thread/INFO]: Generating keypair
[00:31:47] [Server thread/INFO]: Starting Minecraft server on *:25565
[00:31:47] [Server thread/INFO]: Using default channel type
[00:31:47] [Server thread/INFO]: Paper: Using Java 11 compression from Velocity.
[00:31:47] [Server thread/INFO]: Paper: Using Java cipher from Velocity.
[00:31:49] [Server thread/INFO]: [Vault] Loading Vault v1.7.3-b131
[00:31:49] [Server thread/INFO]: [SuperiorSkyblock2] Loading SuperiorSkyblock2 v2022.8
[00:31:49] [Server thread/INFO]: [XConomy] Loading XConomy v2.19.5
[00:31:49] [Server thread/INFO]: Server permissions file permissions.yml is empty, ignoring it
[00:31:49] [Server thread/INFO]: [Vault] Enabling Vault v1.7.3-b131
[00:31:49] [Server thread/INFO]: [Vault] [Permission] SuperPermissions loaded as backup permission system.
[00:31:49] [Server thread/INFO]: [Vault] Enabled Version 1.7.3-b131
[00:31:49] [Server thread/INFO]: [XConomy] Enabling XConomy v2.19.5
[00:31:49] [Server thread/INFO]: [XConomy] UUID-Mode: Default
[00:31:49] [Server thread/INFO]: [XConomy] Language: ENGLISH
[00:31:49] [Server thread/INFO]: [XConomy] Saving method - SQLite
[00:31:49] [Server thread/INFO]: [XConomy] SQLite successfully connected
[00:31:49] [Server thread/INFO]: [XConomy] XConomy successfully enabled
[00:31:49] [Server thread/INFO]: [XConomy] ===== YiC =====
[00:31:49] [Server thread/WARN]: **** SERVER IS RUNNING IN OFFLINE/INSECURE MODE!
[00:31:49] [Server thread/WARN]: The server will make no attempt to authenticate usernames. Beware.
[00:31:49] [Server thread/WARN]: While this makes the game possible to play without internet access, it also opens up the ability for hackers to connect with any username they choose.
[00:31:49] [Server thread/WARN]: To change this, set "online-mode" to "true" in the server.properties file.
[00:31:49] [Server thread/INFO]: Preparing level "world"
[00:32:09] [Server thread/INFO]: Preparing start region for dimension minecraft:overworld
[00:32:09] [Server thread/INFO]: Time elapsed: 345 ms
[00:32:09] [Server thread/INFO]: Preparing start region for dimension minecraft:the_nether
[00:32:10] [Server thread/INFO]: Time elapsed: 156 ms
[00:32:10] [Server thread/INFO]: Preparing start region for dimension minecraft:the_end
[00:32:10] [Server thread/INFO]: Time elapsed: 142 ms
[00:32:10] [Server thread/INFO]: [SuperiorSkyblock2] Enabling SuperiorSkyblock2 v2022.8
[00:32:10] [Server thread/INFO]: [SuperiorSkyblock2] Enabling the module nashorn-engine...
[00:32:11] [Server thread/INFO]: [SuperiorSkyblock2] Finished enabling the module nashorn-engine (Took 606ms)
[00:32:11] [Server thread/INFO]: Preparing start region for dimension minecraft:superiorworld
[00:32:12] [Server thread/INFO]: Time elapsed: 84 ms
[00:32:12] [Server thread/INFO]: [SuperiorSkyblock2] Enabling the module bank...
[00:32:12] [Server thread/INFO]: [SuperiorSkyblock2] Finished enabling the module bank (Took 10ms)
[00:32:12] [Server thread/INFO]: [SuperiorSkyblock2] Enabling the module missions...
[00:32:12] [Server thread/INFO]: [SuperiorSkyblock2] Registered mission miner_1
[00:32:12] [Server thread/INFO]: [SuperiorSkyblock2] Registered mission miner_2
[00:32:12] [Server thread/INFO]: [SuperiorSkyblock2] Registered mission miner_3
[00:32:12] [Server thread/INFO]: [SuperiorSkyblock2] Registered mission miner_4
[00:32:12] [Server thread/INFO]: [SuperiorSkyblock2] Registered mission miner_5
[00:32:12] [Server thread/INFO]: [SuperiorSkyblock2] Registered mission slayer2_1
[00:32:12] [Server thread/INFO]: [SuperiorSkyblock2] Registered mission slayer2_2
[00:32:12] [Server thread/INFO]: [SuperiorSkyblock2] Registered mission slayer2_3
[00:32:12] [Server thread/INFO]: [SuperiorSkyblock2] Registered mission slayer2_4
[00:32:12] [Server thread/INFO]: [SuperiorSkyblock2] Registered mission slayer2_5
[00:32:12] [Server thread/INFO]: [SuperiorSkyblock2] Registered mission slayer_1
[00:32:12] [Server thread/INFO]: [SuperiorSkyblock2] Registered mission slayer_2
[00:32:12] [Server thread/INFO]: [SuperiorSkyblock2] Registered mission slayer_3
[00:32:12] [Server thread/INFO]: [SuperiorSkyblock2] Registered mission slayer_4
[00:32:12] [Server thread/INFO]: [SuperiorSkyblock2] Registered mission farmer_1
[00:32:12] [Server thread/INFO]: [SuperiorSkyblock2] Registered mission farmer_2
[00:32:12] [Server thread/INFO]: [SuperiorSkyblock2] Registered mission farmer_3
[00:32:12] [Server thread/INFO]: [SuperiorSkyblock2] Registered mission farmer_4
[00:32:12] [Server thread/INFO]: [SuperiorSkyblock2] Registered mission farmer_5
[00:32:12] [Server thread/INFO]: [SuperiorSkyblock2] Registered mission fisherman_1
[00:32:12] [Server thread/INFO]: [SuperiorSkyblock2] Registered mission fisherman_2
[00:32:12] [Server thread/INFO]: [SuperiorSkyblock2] Registered mission fisherman_3
[00:32:12] [Server thread/INFO]: [SuperiorSkyblock2] Registered mission fisherman_4
[00:32:12] [Server thread/INFO]: [SuperiorSkyblock2] Registered mission fisherman_5
[00:32:12] [Server thread/INFO]: [SuperiorSkyblock2] Registered mission fisherman_6
[00:32:12] [Server thread/INFO]: [SuperiorSkyblock2] Registered mission explorer_1
[00:32:12] [Server thread/INFO]: [SuperiorSkyblock2] Registered mission explorer_2
[00:32:12] [Server thread/INFO]: [SuperiorSkyblock2] The directory of the mission category confugurator doesn't exist, skipping...
[00:32:12] [Server thread/INFO]: [SuperiorSkyblock2] Finished enabling the module missions (Took 723ms)
[00:32:12] [Server thread/INFO]: [SuperiorSkyblock2] Enabling the module generators...
[00:32:12] [Server thread/INFO]: [SuperiorSkyblock2] Finished enabling the module generators (Took 48ms)
[00:32:12] [Server thread/INFO]: [SuperiorSkyblock2] Enabling the module upgrades...
[00:32:13] [Server thread/INFO]: [SuperiorSkyblock2] Finished enabling the module upgrades (Took 38ms)
[00:32:13] [Server thread/INFO]: [SuperiorSkyblock2] Loading messages started...
[00:32:14] [Server thread/INFO]: [SuperiorSkyblock2]  - Found 695 messages in the language files.
[00:32:14] [Server thread/INFO]: [SuperiorSkyblock2] Loading messages done (Took 584ms)
[00:32:14] [Server thread/ERROR]: [STDERR] [org.bukkit.craftbukkit.v1_19_R1.legacy.CraftLegacy] Initializing Legacy Material Support. Unless you have legacy plugins and/or data this is a bug!
[00:32:23] [Server thread/INFO]: [SuperiorSkyblock2] Successfully loaded schematic desert.schematic (DefaultSchematicParser)
[00:32:23] [Server thread/INFO]: [SuperiorSkyblock2] Successfully loaded schematic desert_nether.schematic (DefaultSchematicParser)
[00:32:24] [Server thread/INFO]: [SuperiorSkyblock2] Successfully loaded schematic desert_the_end.schematic (DefaultSchematicParser)
[00:32:24] [Server thread/INFO]: [SuperiorSkyblock2] Successfully loaded schematic mycel.schematic (DefaultSchematicParser)
[00:32:24] [Server thread/INFO]: [SuperiorSkyblock2] Successfully loaded schematic mycel_nether.schematic (DefaultSchematicParser)
[00:32:24] [Server thread/INFO]: [SuperiorSkyblock2] Successfully loaded schematic mycel_the_end.schematic (DefaultSchematicParser)
[00:32:24] [Server thread/INFO]: [SuperiorSkyblock2] Successfully loaded schematic normal.schematic (DefaultSchematicParser)
[00:32:24] [Server thread/INFO]: [SuperiorSkyblock2] Successfully loaded schematic normal_nether.schematic (DefaultSchematicParser)
[00:32:24] [Server thread/INFO]: [SuperiorSkyblock2] Successfully loaded schematic normal_the_end.schematic (DefaultSchematicParser)
[00:32:24] [Server thread/INFO]: [SuperiorSkyblock2] Biome 'WOODED_HILLS' is not valid, skipping...
[00:32:25] [Server thread/INFO]: [SuperiorSkyblock2] Trying to connect to local database (SQLite)...
[00:32:25] [Server thread/INFO]: [SuperiorSkyblock2] Successfully established connection with local database!
[00:32:25] [Server thread/INFO]: [SuperiorSkyblock2] Starting to load players...
[00:32:25] [Server thread/INFO]: [SuperiorSkyblock2] Finished loading 1 players (Took 19ms)
[00:32:25] [Server thread/INFO]: [SuperiorSkyblock2] Starting to load islands...
[00:32:25] [Server thread/INFO]: [SuperiorSkyblock2] Finished loading 1 islands (Took 104ms)
[00:32:25] [Server thread/INFO]: [SuperiorSkyblock2] Starting to load grid...
[00:32:25] [Server thread/INFO]: [SuperiorSkyblock2] Finished grid!
[00:32:25] [Server thread/INFO]: [SuperiorSkyblock2] Starting to load stacked blocks...
[00:32:25] [Server thread/INFO]: [SuperiorSkyblock2] Finished stacked blocks!
[00:32:25] [Server thread/INFO]: Running delayed init tasks
[00:32:25] [Craft Scheduler Thread - 5 - Vault/INFO]: [Vault] Checking for Updates ... 
[00:32:25] [Server thread/INFO]: [SuperiorSkyblock2] Using Vault as an economy provider.
[00:32:25] [Server thread/INFO]: [SuperiorSkyblock2] Detected PaperSpigot - Using async chunk-loading support with PaperMC.
[00:32:25] [Server thread/INFO]: Done (40.160s)! For help, type "help"
[00:32:25] [Server thread/INFO]: Timings Reset
[00:32:26] [Craft Scheduler Thread - 5 - Vault/INFO]: [Vault] No new version available
[00:32:26] [Craft Scheduler Thread - 4 - XConomy/INFO]: [XConomy] Is the latest version
[00:32:38] [User Authenticator #1/INFO]: UUID of player gerhugwsif is a47ffa4c-882b-35bb-ad7c-87d4ceda192e
[00:32:39] [Server thread/INFO]: gerhugwsif joined the game
[00:32:39] [Server thread/INFO]: gerhugwsif[/127.0.0.1:54330] logged in with entity id 342 at ([SuperiorWorld]-0.8971630347457259, 109.0, 605.449331507481)
[00:32:45] [Server thread/INFO]: gerhugwsif issued server command: /is missions
[00:33:09] [Server thread/INFO]: gerhugwsif issued server command: /is reset
[00:33:18] [Server thread/INFO]: gerhugwsif issued server command: /is create new
[00:33:28] [Server thread/INFO]: gerhugwsif issued server command: /is missions
[00:33:33] [Server thread/INFO]: gerhugwsif issued server command: /is missions
[00:34:43] [Server thread/INFO]: gerhugwsif issued server command: /is balance
[00:34:48] [Server thread/INFO]: gerhugwsif issued server command: /is missions
[00:35:05] [Server thread/INFO]: Stopping the server
[00:35:05] [Server thread/INFO]: Stopping server
[00:35:05] [Server thread/INFO]: [XConomy] Disabling XConomy v2.19.5
[00:35:05] [Server thread/INFO]: [XConomy] XConomy successfully disabled
[00:35:05] [Server thread/INFO]: [SuperiorSkyblock2] Disabling SuperiorSkyblock2 v2022.8
[00:35:05] [Server thread/INFO]: [SuperiorSkyblock2] Disabling the module bank...
[00:35:05] [Server thread/INFO]: [SuperiorSkyblock2] Disabling the module missions...
[00:35:05] [Server thread/INFO]: [SuperiorSkyblock2] Disabling the module nashorn-engine...
[00:35:05] [Server thread/INFO]: [SuperiorSkyblock2] Disabling the module generators...
[00:35:05] [Server thread/INFO]: [SuperiorSkyblock2] Disabling the module upgrades...
[00:35:05] [Server thread/INFO]: [SuperiorSkyblock2] Shutting down calculation task...
[00:35:05] [Server thread/INFO]: [SuperiorSkyblock2] Shutting down executor
[00:35:05] [Server thread/INFO]: [SuperiorSkyblock2] Shutting down database executor
[00:35:05] [Server thread/INFO]: [SuperiorSkyblock2] Closing database. This may hang the server. Do not shut it down, or data may get lost.
[00:35:05] [Server thread/INFO]: [Vault] Disabling Vault v1.7.3-b131
[00:35:05] [Server thread/INFO]: Saving players
[00:35:05] [Server thread/INFO]: gerhugwsif lost connection: Server closed
[00:35:06] [Server thread/INFO]: gerhugwsif left the game
[00:35:06] [Server thread/INFO]: Saving worlds
[00:35:06] [Server thread/INFO]: Saving chunks for level 'ServerLevel[world]'/minecraft:overworld
[00:35:12] [Server thread/INFO]: Saving chunks for level 'ServerLevel[world_nether]'/minecraft:the_nether
[00:35:12] [Server thread/INFO]: Saving chunks for level 'ServerLevel[world_the_end]'/minecraft:the_end
[00:35:12] [Server thread/INFO]: Saving chunks for level 'ServerLevel[SuperiorWorld]'/minecraft:superiorworld
[00:35:12] [Server thread/INFO]: ThreadedAnvilChunkStorage (world): All chunks are saved
[00:35:12] [Server thread/INFO]: ThreadedAnvilChunkStorage (DIM-1): All chunks are saved
[00:35:12] [Server thread/INFO]: ThreadedAnvilChunkStorage (DIM1): All chunks are saved
[00:35:12] [Server thread/INFO]: ThreadedAnvilChunkStorage (SuperiorWorld): All chunks are saved
[00:35:12] [Server thread/INFO]: ThreadedAnvilChunkStorage: All dimensions are saved
[00:35:12] [Server thread/INFO]: Flushing Chunk IO
[00:35:12] [Server thread/INFO]: Closing Thread Pool
[00:35:12] [Server thread/INFO]: Closing Server
